1772307822.554933 client started (13428): version 3.6a, socket /private/tmp/tmux-501/default, protocol 8
1772307822.555028 on Darwin 24.5.0 Darwin Kernel Version 24.5.0: Tue Apr 22 19:54:43 PDT 2025; root:xnu-11417.121.6~2/RELEASE_ARM64_T8132
1772307822.555053 using libevent 2.1.12-stable select
1772307822.555069 using utf8proc 2.11.3
1772307822.555078 using ncurses 6.5 20240427
1772307822.555105 flags are 0x8010000
1772307822.555117 socket is /private/tmp/tmux-501/default
1772307822.555139 trying connect
1772307822.555210 add peer 0x600001dec1a0: 6 (0x0)
1772307822.557440 sending message 111 to peer 0x600001dec1a0 (8 bytes)
1772307822.557479 sending message 111 to peer 0x600001dec1a0 (8 bytes)
1772307822.557488 sending message 101 to peer 0x600001dec1a0 (15 bytes)
1772307822.557495 sending message 109 to peer 0x600001dec1a0 (4 bytes)
1772307822.557501 sending message 102 to peer 0x600001dec1a0 (13 bytes)
1772307822.557506 sending message 108 to peer 0x600001dec1a0 (40 bytes)
1772307822.557511 sending message 112 to peer 0x600001dec1a0 (58 bytes)
1772307822.557516 sending message 112 to peer 0x600001dec1a0 (5 bytes)
1772307822.557521 sending message 112 to peer 0x600001dec1a0 (5 bytes)
1772307822.557527 sending message 112 to peer 0x600001dec1a0 (6 bytes)
1772307822.557532 sending message 112 to peer 0x600001dec1a0 (6 bytes)
1772307822.557536 sending message 112 to peer 0x600001dec1a0 (11 bytes)
1772307822.557542 sending message 112 to peer 0x600001dec1a0 (10 bytes)
1772307822.557548 sending message 112 to peer 0x600001dec1a0 (13 bytes)
1772307822.557553 sending message 112 to peer 0x600001dec1a0 (14 bytes)
1772307822.557558 sending message 112 to peer 0x600001dec1a0 (19 bytes)
1772307822.557563 sending message 112 to peer 0x600001dec1a0 (11 bytes)
1772307822.557568 sending message 112 to peer 0x600001dec1a0 (10 bytes)
1772307822.557574 sending message 112 to peer 0x600001dec1a0 (15 bytes)
1772307822.557579 sending message 112 to peer 0x600001dec1a0 (21 bytes)
1772307822.557584 sending message 112 to peer 0x600001dec1a0 (13 bytes)
1772307822.557589 sending message 112 to peer 0x600001dec1a0 (7 bytes)
1772307822.557594 sending message 112 to peer 0x600001dec1a0 (13 bytes)
1772307822.557599 sending message 112 to peer 0x600001dec1a0 (7 bytes)
1772307822.557604 sending message 112 to peer 0x600001dec1a0 (13 bytes)
1772307822.557609 sending message 112 to peer 0x600001dec1a0 (9 bytes)
1772307822.557614 sending message 112 to peer 0x600001dec1a0 (21 bytes)
1772307822.557619 sending message 112 to peer 0x600001dec1a0 (13 bytes)
1772307822.557624 sending message 112 to peer 0x600001dec1a0 (9 bytes)
1772307822.557629 sending message 112 to peer 0x600001dec1a0 (16 bytes)
1772307822.557634 sending message 112 to peer 0x600001dec1a0 (13 bytes)
1772307822.557639 sending message 112 to peer 0x600001dec1a0 (9 bytes)
1772307822.557645 sending message 112 to peer 0x600001dec1a0 (9 bytes)
1772307822.557649 sending message 112 to peer 0x600001dec1a0 (12 bytes)
1772307822.557656 sending message 112 to peer 0x600001dec1a0 (8 bytes)
1772307822.557661 sending message 112 to peer 0x600001dec1a0 (8 bytes)
1772307822.557668 sending message 112 to peer 0x600001dec1a0 (13 bytes)
1772307822.557672 sending message 112 to peer 0x600001dec1a0 (7 bytes)
1772307822.557677 sending message 112 to peer 0x600001dec1a0 (7 bytes)
1772307822.557683 sending message 112 to peer 0x600001dec1a0 (9 bytes)
1772307822.557688 sending message 112 to peer 0x600001dec1a0 (9 bytes)
1772307822.557693 sending message 112 to peer 0x600001dec1a0 (15 bytes)
1772307822.557698 sending message 112 to peer 0x600001dec1a0 (13 bytes)
1772307822.557703 sending message 112 to peer 0x600001dec1a0 (12 bytes)
1772307822.557709 sending message 112 to peer 0x600001dec1a0 (8 bytes)
1772307822.557716 sending message 112 to peer 0x600001dec1a0 (14 bytes)
1772307822.557721 sending message 112 to peer 0x600001dec1a0 (11 bytes)
1772307822.557726 sending message 112 to peer 0x600001dec1a0 (9 bytes)
1772307822.557731 sending message 112 to peer 0x600001dec1a0 (10 bytes)
1772307822.557736 sending message 112 to peer 0x600001dec1a0 (10 bytes)
1772307822.557757 sending message 112 to peer 0x600001dec1a0 (10 bytes)
1772307822.557762 sending message 112 to peer 0x600001dec1a0 (10 bytes)
1772307822.557765 sending message 112 to peer 0x600001dec1a0 (11 bytes)
1772307822.557770 sending message 112 to peer 0x600001dec1a0 (12 bytes)
1772307822.557774 sending message 112 to peer 0x600001dec1a0 (12 bytes)
1772307822.557777 sending message 112 to peer 0x600001dec1a0 (12 bytes)
1772307822.557781 sending message 112 to peer 0x600001dec1a0 (12 bytes)
1772307822.557785 sending message 112 to peer 0x600001dec1a0 (12 bytes)
1772307822.557788 sending message 112 to peer 0x600001dec1a0 (11 bytes)
1772307822.557792 sending message 112 to peer 0x600001dec1a0 (11 bytes)
1772307822.557795 sending message 112 to peer 0x600001dec1a0 (12 bytes)
1772307822.557799 sending message 112 to peer 0x600001dec1a0 (12 bytes)
1772307822.557803 sending message 112 to peer 0x600001dec1a0 (12 bytes)
1772307822.557806 sending message 112 to peer 0x600001dec1a0 (12 bytes)
1772307822.557811 sending message 112 to peer 0x600001dec1a0 (12 bytes)
1772307822.557814 sending message 112 to peer 0x600001dec1a0 (9 bytes)
1772307822.557818 sending message 112 to peer 0x600001dec1a0 (12 bytes)
1772307822.557822 sending message 112 to peer 0x600001dec1a0 (13 bytes)
1772307822.557826 sending message 112 to peer 0x600001dec1a0 (13 bytes)
1772307822.557829 sending message 112 to peer 0x600001dec1a0 (13 bytes)
1772307822.557834 sending message 112 to peer 0x600001dec1a0 (13 bytes)
1772307822.557838 sending message 112 to peer 0x600001dec1a0 (13 bytes)
1772307822.557841 sending message 112 to peer 0x600001dec1a0 (8 bytes)
1772307822.557845 sending message 112 to peer 0x600001dec1a0 (11 bytes)
1772307822.557849 sending message 112 to peer 0x600001dec1a0 (11 bytes)
1772307822.557852 sending message 112 to peer 0x600001dec1a0 (11 bytes)
1772307822.557856 sending message 112 to peer 0x600001dec1a0 (12 bytes)
1772307822.557860 sending message 112 to peer 0x600001dec1a0 (12 bytes)
1772307822.557863 sending message 112 to peer 0x600001dec1a0 (12 bytes)
1772307822.557867 sending message 112 to peer 0x600001dec1a0 (12 bytes)
1772307822.557871 sending message 112 to peer 0x600001dec1a0 (13 bytes)
1772307822.557875 sending message 112 to peer 0x600001dec1a0 (13 bytes)
1772307822.557879 sending message 112 to peer 0x600001dec1a0 (13 bytes)
1772307822.557882 sending message 112 to peer 0x600001dec1a0 (8 bytes)
1772307822.557886 sending message 112 to peer 0x600001dec1a0 (13 bytes)
1772307822.557890 sending message 112 to peer 0x600001dec1a0 (13 bytes)
1772307822.557893 sending message 112 to peer 0x600001dec1a0 (13 bytes)
1772307822.557897 sending message 112 to peer 0x600001dec1a0 (13 bytes)
1772307822.557900 sending message 112 to peer 0x600001dec1a0 (13 bytes)
1772307822.557904 sending message 112 to peer 0x600001dec1a0 (12 bytes)
1772307822.557907 sending message 112 to peer 0x600001dec1a0 (12 bytes)
1772307822.557911 sending message 112 to peer 0x600001dec1a0 (12 bytes)
1772307822.557914 sending message 112 to peer 0x600001dec1a0 (12 bytes)
1772307822.557918 sending message 112 to peer 0x600001dec1a0 (13 bytes)
1772307822.557921 sending message 112 to peer 0x600001dec1a0 (8 bytes)
1772307822.557925 sending message 112 to peer 0x600001dec1a0 (13 bytes)
1772307822.557930 sending message 112 to peer 0x600001dec1a0 (13 bytes)
1772307822.557933 sending message 112 to peer 0x600001dec1a0 (13 bytes)
1772307822.557937 sending message 112 to peer 0x600001dec1a0 (13 bytes)
1772307822.557940 sending message 112 to peer 0x600001dec1a0 (13 bytes)
1772307822.557944 sending message 112 to peer 0x600001dec1a0 (13 bytes)
1772307822.557947 sending message 112 to peer 0x600001dec1a0 (13 bytes)
1772307822.557951 sending message 112 to peer 0x600001dec1a0 (12 bytes)
1772307822.557955 sending message 112 to peer 0x600001dec1a0 (12 bytes)
1772307822.557958 sending message 112 to peer 0x600001dec1a0 (12 bytes)
1772307822.557962 sending message 112 to peer 0x600001dec1a0 (8 bytes)
1772307822.557965 sending message 112 to peer 0x600001dec1a0 (12 bytes)
1772307822.557976 sending message 112 to peer 0x600001dec1a0 (13 bytes)
1772307822.557980 sending message 112 to peer 0x600001dec1a0 (13 bytes)
1772307822.557984 sending message 112 to peer 0x600001dec1a0 (13 bytes)
1772307822.557987 sending message 112 to peer 0x600001dec1a0 (13 bytes)
1772307822.557991 sending message 112 to peer 0x600001dec1a0 (13 bytes)
1772307822.557994 sending message 112 to peer 0x600001dec1a0 (13 bytes)
1772307822.557998 sending message 112 to peer 0x600001dec1a0 (13 bytes)
1772307822.558001 sending message 112 to peer 0x600001dec1a0 (13 bytes)
1772307822.558005 sending message 112 to peer 0x600001dec1a0 (12 bytes)
1772307822.558009 sending message 112 to peer 0x600001dec1a0 (10 bytes)
1772307822.558013 sending message 112 to peer 0x600001dec1a0 (12 bytes)
1772307822.558018 sending message 112 to peer 0x600001dec1a0 (12 bytes)
1772307822.558021 sending message 112 to peer 0x600001dec1a0 (12 bytes)
1772307822.558025 sending message 112 to peer 0x600001dec1a0 (13 bytes)
1772307822.558028 sending message 112 to peer 0x600001dec1a0 (13 bytes)
1772307822.558032 sending message 112 to peer 0x600001dec1a0 (13 bytes)
1772307822.558035 sending message 112 to peer 0x600001dec1a0 (13 bytes)
1772307822.558040 sending message 112 to peer 0x600001dec1a0 (13 bytes)
1772307822.558043 sending message 112 to peer 0x600001dec1a0 (13 bytes)
1772307822.558047 sending message 112 to peer 0x600001dec1a0 (13 bytes)
1772307822.558050 sending message 112 to peer 0x600001dec1a0 (10 bytes)
1772307822.558054 sending message 112 to peer 0x600001dec1a0 (13 bytes)
1772307822.558057 sending message 112 to peer 0x600001dec1a0 (12 bytes)
1772307822.558061 sending message 112 to peer 0x600001dec1a0 (12 bytes)
1772307822.558064 sending message 112 to peer 0x600001dec1a0 (12 bytes)
1772307822.558068 sending message 112 to peer 0x600001dec1a0 (10 bytes)
1772307822.558071 sending message 112 to peer 0x600001dec1a0 (10 bytes)
1772307822.558076 sending message 112 to peer 0x600001dec1a0 (10 bytes)
1772307822.558080 sending message 112 to peer 0x600001dec1a0 (12 bytes)
1772307822.558084 sending message 112 to peer 0x600001dec1a0 (13 bytes)
1772307822.558087 sending message 112 to peer 0x600001dec1a0 (13 bytes)
1772307822.558091 sending message 112 to peer 0x600001dec1a0 (13 bytes)
1772307822.558094 sending message 112 to peer 0x600001dec1a0 (13 bytes)
1772307822.558098 sending message 112 to peer 0x600001dec1a0 (13 bytes)
1772307822.558102 sending message 112 to peer 0x600001dec1a0 (10 bytes)
1772307822.558105 sending message 112 to peer 0x600001dec1a0 (11 bytes)
1772307822.558109 sending message 112 to peer 0x600001dec1a0 (12 bytes)
1772307822.558112 sending message 112 to peer 0x600001dec1a0 (12 bytes)
1772307822.558116 sending message 112 to peer 0x600001dec1a0 (12 bytes)
1772307822.558119 sending message 112 to peer 0x600001dec1a0 (12 bytes)
1772307822.558123 sending message 112 to peer 0x600001dec1a0 (12 bytes)
1772307822.558126 sending message 112 to peer 0x600001dec1a0 (11 bytes)
1772307822.558130 sending message 112 to peer 0x600001dec1a0 (12 bytes)
1772307822.558133 sending message 112 to peer 0x600001dec1a0 (12 bytes)
1772307822.558137 sending message 112 to peer 0x600001dec1a0 (13 bytes)
1772307822.558141 sending message 112 to peer 0x600001dec1a0 (13 bytes)
1772307822.558144 sending message 112 to peer 0x600001dec1a0 (13 bytes)
1772307822.558148 sending message 112 to peer 0x600001dec1a0 (13 bytes)
1772307822.558151 sending message 112 to peer 0x600001dec1a0 (13 bytes)
1772307822.558155 sending message 112 to peer 0x600001dec1a0 (10 bytes)
1772307822.558158 sending message 112 to peer 0x600001dec1a0 (9 bytes)
1772307822.558162 sending message 112 to peer 0x600001dec1a0 (12 bytes)
1772307822.558166 sending message 112 to peer 0x600001dec1a0 (13 bytes)
1772307822.558169 sending message 112 to peer 0x600001dec1a0 (13 bytes)
1772307822.558173 sending message 112 to peer 0x600001dec1a0 (13 bytes)
1772307822.558176 sending message 112 to peer 0x600001dec1a0 (13 bytes)
1772307822.558180 sending message 112 to peer 0x600001dec1a0 (13 bytes)
1772307822.558188 sending message 112 to peer 0x600001dec1a0 (9 bytes)
1772307822.558192 sending message 112 to peer 0x600001dec1a0 (12 bytes)
1772307822.558195 sending message 112 to peer 0x600001dec1a0 (13 bytes)
1772307822.558199 sending message 112 to peer 0x600001dec1a0 (13 bytes)
1772307822.558203 sending message 112 to peer 0x600001dec1a0 (13 bytes)
1772307822.558207 sending message 112 to peer 0x600001dec1a0 (13 bytes)
1772307822.558210 sending message 112 to peer 0x600001dec1a0 (13 bytes)
1772307822.558214 sending message 112 to peer 0x600001dec1a0 (11 bytes)
1772307822.558219 sending message 112 to peer 0x600001dec1a0 (12 bytes)
1772307822.558223 sending message 112 to peer 0x600001dec1a0 (13 bytes)
1772307822.558227 sending message 112 to peer 0x600001dec1a0 (13 bytes)
1772307822.558231 sending message 112 to peer 0x600001dec1a0 (13 bytes)
1772307822.558235 sending message 112 to peer 0x600001dec1a0 (13 bytes)
1772307822.558239 sending message 112 to peer 0x600001dec1a0 (13 bytes)
1772307822.558242 sending message 112 to peer 0x600001dec1a0 (11 bytes)
1772307822.558246 sending message 112 to peer 0x600001dec1a0 (12 bytes)
1772307822.558249 sending message 112 to peer 0x600001dec1a0 (12 bytes)
1772307822.558253 sending message 112 to peer 0x600001dec1a0 (12 bytes)
1772307822.558256 sending message 112 to peer 0x600001dec1a0 (12 bytes)
1772307822.558260 sending message 112 to peer 0x600001dec1a0 (12 bytes)
1772307822.558264 sending message 112 to peer 0x600001dec1a0 (21 bytes)
1772307822.558267 sending message 112 to peer 0x600001dec1a0 (12 bytes)
1772307822.558271 sending message 112 to peer 0x600001dec1a0 (9 bytes)
1772307822.558274 sending message 112 to peer 0x600001dec1a0 (6 bytes)
1772307822.558278 sending message 112 to peer 0x600001dec1a0 (13 bytes)
1772307822.558282 sending message 112 to peer 0x600001dec1a0 (10 bytes)
1772307822.558285 sending message 112 to peer 0x600001dec1a0 (24 bytes)
1772307822.558289 sending message 112 to peer 0x600001dec1a0 (13 bytes)
1772307822.558292 sending message 112 to peer 0x600001dec1a0 (9 bytes)
1772307822.558296 sending message 112 to peer 0x600001dec1a0 (70 bytes)
1772307822.558299 sending message 112 to peer 0x600001dec1a0 (69 bytes)
1772307822.558303 sending message 112 to peer 0x600001dec1a0 (12 bytes)
1772307822.558307 sending message 112 to peer 0x600001dec1a0 (10 bytes)
1772307822.558310 sending message 112 to peer 0x600001dec1a0 (10 bytes)
1772307822.558314 sending message 112 to peer 0x600001dec1a0 (24 bytes)
1772307822.558317 sending message 112 to peer 0x600001dec1a0 (13 bytes)
1772307822.558321 sending message 112 to peer 0x600001dec1a0 (10 bytes)
1772307822.558324 sending message 112 to peer 0x600001dec1a0 (10 bytes)
1772307822.558328 sending message 112 to peer 0x600001dec1a0 (10 bytes)
1772307822.558332 sending message 112 to peer 0x600001dec1a0 (13 bytes)
1772307822.558336 sending message 112 to peer 0x600001dec1a0 (15 bytes)
1772307822.558340 sending message 112 to peer 0x600001dec1a0 (5 bytes)
1772307822.558347 sending message 104 to peer 0x600001dec1a0 (0 bytes)
1772307822.558352 sending message 110 to peer 0x600001dec1a0 (0 bytes)
1772307822.558356 sending message 107 to peer 0x600001dec1a0 (4 bytes)
1772307822.558360 sending message 105 to peer 0x600001dec1a0 (57 bytes)
1772307822.558363 sending message 105 to peer 0x600001dec1a0 (40 bytes)
1772307822.558367 sending message 105 to peer 0x600001dec1a0 (14 bytes)
1772307822.558371 sending message 105 to peer 0x600001dec1a0 (20 bytes)
1772307822.558374 sending message 105 to peer 0x600001dec1a0 (66 bytes)
1772307822.558378 sending message 105 to peer 0x600001dec1a0 (19 bytes)
1772307822.558381 sending message 105 to peer 0x600001dec1a0 (28 bytes)
1772307822.558385 sending message 105 to peer 0x600001dec1a0 (27 bytes)
1772307822.558388 sending message 105 to peer 0x600001dec1a0 (53 bytes)
1772307822.558392 sending message 105 to peer 0x600001dec1a0 (15 bytes)
1772307822.558396 sending message 105 to peer 0x600001dec1a0 (23 bytes)
1772307822.558399 sending message 105 to peer 0x600001dec1a0 (19 bytes)
1772307822.558414 sending message 105 to peer 0x600001dec1a0 (16 bytes)
1772307822.558418 sending message 105 to peer 0x600001dec1a0 (341 bytes)
1772307822.558422 sending message 105 to peer 0x600001dec1a0 (8 bytes)
1772307822.558426 sending message 105 to peer 0x600001dec1a0 (44 bytes)
1772307822.558429 sending message 105 to peer 0x600001dec1a0 (34 bytes)
1772307822.558433 sending message 105 to peer 0x600001dec1a0 (30 bytes)
1772307822.558436 sending message 105 to peer 0x600001dec1a0 (37 bytes)
1772307822.558440 sending message 105 to peer 0x600001dec1a0 (34 bytes)
1772307822.558443 sending message 105 to peer 0x600001dec1a0 (35 bytes)
1772307822.558447 sending message 105 to peer 0x600001dec1a0 (15 bytes)
1772307822.558451 sending message 105 to peer 0x600001dec1a0 (25 bytes)
1772307822.558454 sending message 106 to peer 0x600001dec1a0 (0 bytes)
1772307822.558527 cmd_pack_argv: argv[0]=webmcp
1772307822.558533 sending message 200 to peer 0x600001dec1a0 (11 bytes)
1772307822.558537 client loop enter
1772307822.561373 peer 0x600001dec1a0 message 303
1772307822.561386 open write file 2 -
1772307822.561417 sending message 305 to peer 0x600001dec1a0 (8 bytes)
1772307822.561434 write check file 2
1772307822.561529 peer 0x600001dec1a0 message 304
1772307822.561537 write 24 to file 2
1772307822.561551 peer 0x600001dec1a0 message 203
1772307822.561559 file 2 24 bytes left
1772307822.561573 write check file 2
1772307822.561578 client loop exit
